{"C:\\Users\\Asus\\Desktop\\TestingProject\\App.js": {"path":"C:\\Users\\Asus\\Desktop\\TestingProject\\App.js","statementMap":{"0":{"start":{"line":17,"column":2},"end":{"line":41,"column":4}},"1":{"start":{"line":44,"column":15},"end":{"line":59,"column":2}}},"fnMap":{"0":{"name":"App","decl":{"start":{"line":5,"column":24},"end":{"line":5,"column":27}},"loc":{"start":{"line":5,"column":30},"end":{"line":42,"column":1}},"line":5}},"branchMap":{},"s":{"0":0,"1":1},"f":{"0":0},"b":{},"_coverageSchema":"1a1c01bbd47fc00a2c39e90264f33305004495a9","hash":"4e934ed6619ce1805f7887a566fde483210d78ac"}
,"C:\\Users\\Asus\\Desktop\\TestingProject\\components\\AddTodo.js": {"path":"C:\\Users\\Asus\\Desktop\\TestingProject\\components\\AddTodo.js","statementMap":{"0":{"start":{"line":12,"column":16},"end":{"line":179,"column":1}},"1":{"start":{"line":32,"column":34},"end":{"line":41,"column":4}},"2":{"start":{"line":43,"column":56},"end":{"line":43,"column":68}},"3":{"start":{"line":44,"column":52},"end":{"line":44,"column":64}},"4":{"start":{"line":45,"column":42},"end":{"line":45,"column":52}},"5":{"start":{"line":67,"column":25},"end":{"line":75,"column":3}},"6":{"start":{"line":68,"column":4},"end":{"line":74,"column":6}},"7":{"start":{"line":69,"column":6},"end":{"line":72,"column":8}},"8":{"start":{"line":73,"column":6},"end":{"line":73,"column":28}},"9":{"start":{"line":80,"column":32},"end":{"line":92,"column":3}},"10":{"start":{"line":81,"column":4},"end":{"line":81,"column":52}},"11":{"start":{"line":83,"column":4},"end":{"line":91,"column":6}},"12":{"start":{"line":85,"column":8},"end":{"line":85,"column":57}},"13":{"start":{"line":86,"column":8},"end":{"line":86,"column":64}},"14":{"start":{"line":87,"column":8},"end":{"line":87,"column":52}},"15":{"start":{"line":89,"column":8},"end":{"line":89,"column":30}},"16":{"start":{"line":110,"column":29},"end":{"line":127,"column":3}},"17":{"start":{"line":111,"column":4},"end":{"line":114,"column":5}},"18":{"start":{"line":112,"column":6},"end":{"line":112,"column":35}},"19":{"start":{"line":113,"column":6},"end":{"line":113,"column":13}},"20":{"start":{"line":116,"column":4},"end":{"line":123,"column":7}},"21":{"start":{"line":124,"column":4},"end":{"line":124,"column":31}},"22":{"start":{"line":125,"column":4},"end":{"line":125,"column":29}},"23":{"start":{"line":129,"column":2},"end":{"line":178,"column":4}},"24":{"start":{"line":156,"column":14},"end":{"line":172,"column":16}},"25":{"start":{"line":167,"column":46},"end":{"line":167,"column":76}},"26":{"start":{"line":183,"column":15},"end":{"line":222,"column":2}}},"fnMap":{"0":{"name":"(anonymous_0)","decl":{"start":{"line":12,"column":16},"end":{"line":12,"column":17}},"loc":{"start":{"line":12,"column":22},"end":{"line":179,"column":1}},"line":12},"1":{"name":"(anonymous_1)","decl":{"start":{"line":67,"column":25},"end":{"line":67,"column":26}},"loc":{"start":{"line":67,"column":33},"end":{"line":75,"column":3}},"line":67},"2":{"name":"(anonymous_2)","decl":{"start":{"line":68,"column":11},"end":{"line":68,"column":12}},"loc":{"start":{"line":68,"column":21},"end":{"line":74,"column":5}},"line":68},"3":{"name":"(anonymous_3)","decl":{"start":{"line":80,"column":32},"end":{"line":80,"column":33}},"loc":{"start":{"line":80,"column":40},"end":{"line":92,"column":3}},"line":80},"4":{"name":"(anonymous_4)","decl":{"start":{"line":84,"column":22},"end":{"line":84,"column":23}},"loc":{"start":{"line":84,"column":32},"end":{"line":90,"column":7}},"line":84},"5":{"name":"(anonymous_5)","decl":{"start":{"line":110,"column":29},"end":{"line":110,"column":30}},"loc":{"start":{"line":110,"column":35},"end":{"line":127,"column":3}},"line":110},"6":{"name":"(anonymous_6)","decl":{"start":{"line":154,"column":26},"end":{"line":154,"column":27}},"loc":{"start":{"line":154,"column":36},"end":{"line":173,"column":13}},"line":154},"7":{"name":"(anonymous_7)","decl":{"start":{"line":167,"column":40},"end":{"line":167,"column":41}},"loc":{"start":{"line":167,"column":46},"end":{"line":167,"column":76}},"line":167}},"branchMap":{"0":{"loc":{"start":{"line":111,"column":4},"end":{"line":114,"column":5}},"type":"if","locations":[{"start":{"line":111,"column":4},"end":{"line":114,"column":5}},{"start":{},"end":{}}],"line":111},"1":{"loc":{"start":{"line":146,"column":11},"end":{"line":146,"column":64}},"type":"binary-expr","locations":[{"start":{"line":146,"column":11},"end":{"line":146,"column":34}},{"start":{"line":146,"column":38},"end":{"line":146,"column":64}}],"line":146},"2":{"loc":{"start":{"line":164,"column":22},"end":{"line":164,"column":69}},"type":"cond-expr","locations":[{"start":{"line":164,"column":48},"end":{"line":164,"column":54}},{"start":{"line":164,"column":57},"end":{"line":164,"column":69}}],"line":164}},"s":{"0":1,"1":0,"2":0,"3":0,"4":0,"5":0,"6":0,"7":0,"8":0,"9":0,"10":0,"11":0,"12":0,"13":0,"14":0,"15":0,"16":0,"17":0,"18":0,"19":0,"20":0,"21":0,"22":0,"23":0,"24":0,"25":0,"26":1},"f":{"0":0,"1":0,"2":0,"3":0,"4":0,"5":0,"6":0,"7":0},"b":{"0":[0,0],"1":[0,0],"2":[0,0]},"_coverageSchema":"1a1c01bbd47fc00a2c39e90264f33305004495a9","hash":"46be3d67b1fd4b47ff8d446c5ca83502b4d3f1d5"}
,"C:\\Users\\Asus\\Desktop\\TestingProject\\components\\Appointment.js": {"path":"C:\\Users\\Asus\\Desktop\\TestingProject\\components\\Appointment.js","statementMap":{"0":{"start":{"line":4,"column":20},"end":{"line":26,"column":1}},"1":{"start":{"line":5,"column":17},"end":{"line":15,"column":3}},"2":{"start":{"line":18,"column":21},"end":{"line":18,"column":29}},"3":{"start":{"line":20,"column":2},"end":{"line":25,"column":4}}},"fnMap":{"0":{"name":"(anonymous_0)","decl":{"start":{"line":4,"column":20},"end":{"line":4,"column":21}},"loc":{"start":{"line":4,"column":26},"end":{"line":26,"column":1}},"line":4}},"branchMap":{},"s":{"0":1,"1":1,"2":1,"3":1},"f":{"0":1},"b":{},"_coverageSchema":"1a1c01bbd47fc00a2c39e90264f33305004495a9","hash":"3d9a9998c4a0ea5e37fdab2cee9db97a8ded67a8"}
,"C:\\Users\\Asus\\Desktop\\TestingProject\\components\\downloadOnTheAppStoreButton\\DownloadOnTheAppStoreButton.js": {"path":"C:\\Users\\Asus\\Desktop\\TestingProject\\components\\downloadOnTheAppStoreButton\\DownloadOnTheAppStoreButton.js","statementMap":{"0":{"start":{"line":3,"column":26},"end":{"line":3,"column":51}},"1":{"start":{"line":5,"column":36},"end":{"line":19,"column":1}},"2":{"start":{"line":6,"column":2},"end":{"line":18,"column":4}},"3":{"start":{"line":11,"column":25},"end":{"line":11,"column":52}},"4":{"start":{"line":23,"column":15},"end":{"line":38,"column":2}}},"fnMap":{"0":{"name":"(anonymous_0)","decl":{"start":{"line":5,"column":36},"end":{"line":5,"column":37}},"loc":{"start":{"line":5,"column":42},"end":{"line":19,"column":1}},"line":5},"1":{"name":"(anonymous_1)","decl":{"start":{"line":11,"column":19},"end":{"line":11,"column":20}},"loc":{"start":{"line":11,"column":25},"end":{"line":11,"column":52}},"line":11}},"branchMap":{},"s":{"0":2,"1":2,"2":1,"3":1,"4":2},"f":{"0":1,"1":1},"b":{},"_coverageSchema":"1a1c01bbd47fc00a2c39e90264f33305004495a9","hash":"6eaf5c00b0f310e2fcb3b8bfe7e941f3ce282344"}
,"C:\\Users\\Asus\\Desktop\\TestingProject\\components\\helperFunctions\\testingFunctions.js": {"path":"C:\\Users\\Asus\\Desktop\\TestingProject\\components\\helperFunctions\\testingFunctions.js","statementMap":{"0":{"start":{"line":15,"column":25},"end":{"line":27,"column":1}},"1":{"start":{"line":16,"column":15},"end":{"line":16,"column":16}},"2":{"start":{"line":17,"column":2},"end":{"line":20,"column":3}},"3":{"start":{"line":18,"column":4},"end":{"line":18,"column":34}},"4":{"start":{"line":19,"column":4},"end":{"line":19,"column":24}},"5":{"start":{"line":22,"column":2},"end":{"line":26,"column":4}}},"fnMap":{"0":{"name":"(anonymous_0)","decl":{"start":{"line":15,"column":25},"end":{"line":15,"column":26}},"loc":{"start":{"line":15,"column":31},"end":{"line":27,"column":1}},"line":15}},"branchMap":{},"s":{"0":1,"1":0,"2":0,"3":0,"4":0,"5":0},"f":{"0":0},"b":{},"_coverageSchema":"1a1c01bbd47fc00a2c39e90264f33305004495a9","hash":"1f22daf1f1f32cbd2c752da3c8feccc65f1db945"}
}
