{"/Users/v.kristijan.petrovski/Desktop/testing-in-react-native-with-jest/assets/chucknorris_logo_coloured_small.png": {"path":"/Users/v.kristijan.petrovski/Desktop/testing-in-react-native-with-jest/assets/chucknorris_logo_coloured_small.png","statementMap":{"0":{"start":{"line":1,"column":0},"end":{"line":1,"column":19}}},"fnMap":{},"branchMap":{},"s":{"0":1},"f":{},"b":{},"_coverageSchema":"1a1c01bbd47fc00a2c39e90264f33305004495a9","hash":"8609ece9b3f107a4b439a152158fcb378c7c260e"}
,"/Users/v.kristijan.petrovski/Desktop/testing-in-react-native-with-jest/components/chuckNorrisJoke/ChuckNorrisJoke.js": {"path":"/Users/v.kristijan.petrovski/Desktop/testing-in-react-native-with-jest/components/chuckNorrisJoke/ChuckNorrisJoke.js","statementMap":{"0":{"start":{"line":6,"column":25},"end":{"line":17,"column":1}},"1":{"start":{"line":7,"column":2},"end":{"line":16,"column":3}},"2":{"start":{"line":8,"column":21},"end":{"line":8,"column":75}},"3":{"start":{"line":9,"column":17},"end":{"line":9,"column":38}},"4":{"start":{"line":10,"column":4},"end":{"line":10,"column":22}},"5":{"start":{"line":12,"column":4},"end":{"line":12,"column":16}},"6":{"start":{"line":15,"column":4},"end":{"line":15,"column":21}},"7":{"start":{"line":19,"column":24},"end":{"line":51,"column":1}},"8":{"start":{"line":20,"column":26},"end":{"line":20,"column":38}},"9":{"start":{"line":24,"column":31},"end":{"line":31,"column":3}},"10":{"start":{"line":25,"column":17},"end":{"line":25,"column":34}},"11":{"start":{"line":26,"column":4},"end":{"line":26,"column":18}},"12":{"start":{"line":33,"column":2},"end":{"line":50,"column":4}},"13":{"start":{"line":55,"column":15},"end":{"line":85,"column":2}}},"fnMap":{"0":{"name":"(anonymous_0)","decl":{"start":{"line":6,"column":25},"end":{"line":6,"column":26}},"loc":{"start":{"line":6,"column":37},"end":{"line":17,"column":1}},"line":6},"1":{"name":"(anonymous_1)","decl":{"start":{"line":19,"column":24},"end":{"line":19,"column":25}},"loc":{"start":{"line":19,"column":45},"end":{"line":51,"column":1}},"line":19},"2":{"name":"(anonymous_2)","decl":{"start":{"line":24,"column":31},"end":{"line":24,"column":32}},"loc":{"start":{"line":24,"column":43},"end":{"line":31,"column":3}},"line":24}},"branchMap":{},"s":{"0":1,"1":2,"2":2,"3":1,"4":1,"5":1,"6":1,"7":1,"8":2,"9":2,"10":1,"11":1,"12":2,"13":1},"f":{"0":2,"1":2,"2":1},"b":{},"_coverageSchema":"1a1c01bbd47fc00a2c39e90264f33305004495a9","hash":"80c2b94a4df92cd3287cf238df0e602b3f05a2fc"}
,"/Users/v.kristijan.petrovski/Desktop/testing-in-react-native-with-jest/components/testing-functions/ClosureInFunctions.js": {"path":"/Users/v.kristijan.petrovski/Desktop/testing-in-react-native-with-jest/components/testing-functions/ClosureInFunctions.js","statementMap":{"0":{"start":{"line":4,"column":27},"end":{"line":64,"column":1}},"1":{"start":{"line":5,"column":25},"end":{"line":11,"column":3}},"2":{"start":{"line":6,"column":25},"end":{"line":6,"column":26}},"3":{"start":{"line":7,"column":4},"end":{"line":10,"column":6}},"4":{"start":{"line":8,"column":6},"end":{"line":8,"column":23}},"5":{"start":{"line":9,"column":6},"end":{"line":9,"column":59}},"6":{"start":{"line":13,"column":17},"end":{"line":13,"column":33}},"7":{"start":{"line":15,"column":2},"end":{"line":15,"column":18}},"8":{"start":{"line":16,"column":2},"end":{"line":16,"column":17}},"9":{"start":{"line":17,"column":2},"end":{"line":17,"column":19}},"10":{"start":{"line":21,"column":12},"end":{"line":27,"column":3}},"11":{"start":{"line":22,"column":14},"end":{"line":22,"column":16}},"12":{"start":{"line":24,"column":4},"end":{"line":26,"column":6}},"13":{"start":{"line":25,"column":6},"end":{"line":25,"column":25}},"14":{"start":{"line":29,"column":12},"end":{"line":34,"column":3}},"15":{"start":{"line":30,"column":14},"end":{"line":30,"column":17}},"16":{"start":{"line":31,"column":4},"end":{"line":33,"column":6}},"17":{"start":{"line":32,"column":6},"end":{"line":32,"column":25}},"18":{"start":{"line":36,"column":2},"end":{"line":36,"column":6}},"19":{"start":{"line":37,"column":2},"end":{"line":37,"column":6}},"20":{"start":{"line":42,"column":2},"end":{"line":42,"column":6}},"21":{"start":{"line":43,"column":2},"end":{"line":43,"column":6}},"22":{"start":{"line":46,"column":4},"end":{"line":49,"column":6}},"23":{"start":{"line":47,"column":6},"end":{"line":47,"column":25}},"24":{"start":{"line":54,"column":22},"end":{"line":54,"column":31}},"25":{"start":{"line":56,"column":2},"end":{"line":56,"column":17}},"26":{"start":{"line":57,"column":2},"end":{"line":57,"column":18}},"27":{"start":{"line":59,"column":2},"end":{"line":63,"column":4}}},"fnMap":{"0":{"name":"(anonymous_0)","decl":{"start":{"line":4,"column":27},"end":{"line":4,"column":28}},"loc":{"start":{"line":4,"column":33},"end":{"line":64,"column":1}},"line":4},"1":{"name":"(anonymous_1)","decl":{"start":{"line":5,"column":25},"end":{"line":5,"column":26}},"loc":{"start":{"line":5,"column":37},"end":{"line":11,"column":3}},"line":5},"2":{"name":"(anonymous_2)","decl":{"start":{"line":7,"column":11},"end":{"line":7,"column":12}},"loc":{"start":{"line":7,"column":28},"end":{"line":10,"column":5}},"line":7},"3":{"name":"(anonymous_3)","decl":{"start":{"line":21,"column":12},"end":{"line":21,"column":13}},"loc":{"start":{"line":21,"column":24},"end":{"line":27,"column":3}},"line":21},"4":{"name":"(anonymous_4)","decl":{"start":{"line":24,"column":8},"end":{"line":24,"column":9}},"loc":{"start":{"line":24,"column":20},"end":{"line":26,"column":5}},"line":24},"5":{"name":"(anonymous_5)","decl":{"start":{"line":29,"column":12},"end":{"line":29,"column":13}},"loc":{"start":{"line":29,"column":24},"end":{"line":34,"column":3}},"line":29},"6":{"name":"(anonymous_6)","decl":{"start":{"line":31,"column":8},"end":{"line":31,"column":9}},"loc":{"start":{"line":31,"column":20},"end":{"line":33,"column":5}},"line":31},"7":{"name":"outer","decl":{"start":{"line":45,"column":11},"end":{"line":45,"column":16}},"loc":{"start":{"line":45,"column":20},"end":{"line":52,"column":3}},"line":45},"8":{"name":"inner","decl":{"start":{"line":46,"column":20},"end":{"line":46,"column":25}},"loc":{"start":{"line":46,"column":29},"end":{"line":49,"column":5}},"line":46}},"branchMap":{},"s":{"0":1,"1":0,"2":0,"3":0,"4":0,"5":0,"6":0,"7":0,"8":0,"9":0,"10":0,"11":0,"12":0,"13":0,"14":0,"15":0,"16":0,"17":0,"18":0,"19":0,"20":0,"21":0,"22":0,"23":0,"24":0,"25":0,"26":0,"27":0},"f":{"0":0,"1":0,"2":0,"3":0,"4":0,"5":0,"6":0,"7":0,"8":0},"b":{},"_coverageSchema":"1a1c01bbd47fc00a2c39e90264f33305004495a9","hash":"1a9112e5af8c55672b75a06ac38ad3be837b1748"}
}
