TN:
SF:App.js
FN:8,App
FN:11,(anonymous_1)
FN:16,(anonymous_2)
FNF:3
FNH:0
FNDA:0,App
FNDA:0,(anonymous_1)
FNDA:0,(anonymous_2)
DA:9,0
DA:11,0
DA:12,0
DA:13,0
DA:16,0
DA:17,0
DA:20,0
DA:46,1
LF:8
LH:1
BRF:0
BRH:0
end_of_record
TN:
SF:components\AddTodo.js
FN:12,(anonymous_0)
FN:67,(anonymous_1)
FN:68,(anonymous_2)
FN:80,(anonymous_3)
FN:84,(anonymous_4)
FN:110,(anonymous_5)
FN:154,(anonymous_6)
FN:167,(anonymous_7)
FNF:8
FNH:0
FNDA:0,(anonymous_0)
FNDA:0,(anonymous_1)
FNDA:0,(anonymous_2)
FNDA:0,(anonymous_3)
FNDA:0,(anonymous_4)
FNDA:0,(anonymous_5)
FNDA:0,(anonymous_6)
FNDA:0,(anonymous_7)
DA:12,2
DA:32,0
DA:43,0
DA:44,0
DA:45,0
DA:67,0
DA:68,0
DA:69,0
DA:73,0
DA:80,0
DA:81,0
DA:83,0
DA:85,0
DA:86,0
DA:87,0
DA:89,0
DA:110,0
DA:111,0
DA:112,0
DA:113,0
DA:116,0
DA:124,0
DA:125,0
DA:129,0
DA:156,0
DA:167,0
DA:183,2
LF:27
LH:2
BRDA:111,0,0,0
BRDA:111,0,1,0
BRDA:146,1,0,0
BRDA:146,1,1,0
BRDA:164,2,0,0
BRDA:164,2,1,0
BRF:6
BRH:0
end_of_record
TN:
SF:components\Appointment.js
FN:4,(anonymous_0)
FNF:1
FNH:1
FNDA:1,(anonymous_0)
DA:4,2
DA:5,1
DA:17,1
DA:18,1
DA:20,1
LF:5
LH:5
BRF:0
BRH:0
end_of_record
TN:
SF:components\RoleExample.js
FN:10,(anonymous_0)
FNF:1
FNH:1
FNDA:3,(anonymous_0)
DA:10,2
DA:11,3
DA:13,3
LF:3
LH:3
BRF:0
BRH:0
end_of_record
TN:
SF:components\helperFunctions\styleQueries.js
FNF:0
FNH:0
DA:1,1
LF:1
LH:1
BRF:0
BRH:0
end_of_record
TN:
SF:components\hooks\useStyleQueries.js
FN:4,(anonymous_0)
FN:11,(anonymous_1)
FNF:2
FNH:2
FNDA:2,(anonymous_0)
FNDA:2,(anonymous_1)
DA:4,1
DA:6,2
DA:11,1
DA:12,2
LF:4
LH:4
BRF:0
BRH:0
end_of_record
